<?xml version="1.0" encoding="UTF-8" ?>
<testsuite tests="4" failures="0" name="cucumberRunner.TestRunner" time="8.099" errors="0" skipped="0">
  <properties>
[...]
</properties>
  <testcase classname="Hotel Search" name="Search for hotels with filters #1" time="4.145"/>
  <testcase classname="Hotel Search" name="Search for hotels with filters #2" time="2.198"/>
  <testcase classname="Hotel Search" name="Search for hotels with filters #3" time="0.705"/>
  <testcase classname="Hotel Search" name="Search for flights" time="1.051"/>
</testsuite>